Determining if the function wsyncup exists in the /usr/lib/x86_64-linux-gnu/libcurses.so passed with the following output:
Change Dir: /home/mister-coder/Documents/Cadete/level_2/cub3D/cmake-3.20.0/Source/Checks/Curses-build/CMakeFiles/CMakeTmp

Run Build Command(s):/usr/bin/make -f Makefile cmTC_80c22/fast && make  -f CMakeFiles/cmTC_80c22.dir/build.make CMakeFiles/cmTC_80c22.dir/build
make[1]: Entering directory '/home/mister-coder/Documents/Cadete/level_2/cub3D/cmake-3.20.0/Source/Checks/Curses-build/CMakeFiles/CMakeTmp'
Building C object CMakeFiles/cmTC_80c22.dir/CheckFunctionExists.c.o
/usr/bin/gcc   -DCHECK_FUNCTION_EXISTS=wsyncup -o CMakeFiles/cmTC_80c22.dir/CheckFunctionExists.c.o -c /home/mister-coder/Documents/Cadete/level_2/cub3D/cmake-3.20.0/Modules/CheckFunctionExists.c
Linking C executable cmTC_80c22
/home/mister-coder/Documents/Cadete/level_2/cub3D/cmake-3.20.0/Bootstrap.cmk/cmake -E cmake_link_script CMakeFiles/cmTC_80c22.dir/link.txt --verbose=1
/usr/bin/gcc  -DCHECK_FUNCTION_EXISTS=wsyncup -rdynamic CMakeFiles/cmTC_80c22.dir/CheckFunctionExists.c.o -o cmTC_80c22  -lcurses 
make[1]: Leaving directory '/home/mister-coder/Documents/Cadete/level_2/cub3D/cmake-3.20.0/Source/Checks/Curses-build/CMakeFiles/CMakeTmp'



Determining if the function cbreak exists in the /usr/lib/x86_64-linux-gnu/libncurses.so passed with the following output:
Change Dir: /home/mister-coder/Documents/Cadete/level_2/cub3D/cmake-3.20.0/Source/Checks/Curses-build/CMakeFiles/CMakeTmp

Run Build Command(s):/usr/bin/make -f Makefile cmTC_b792c/fast && make  -f CMakeFiles/cmTC_b792c.dir/build.make CMakeFiles/cmTC_b792c.dir/build
make[1]: Entering directory '/home/mister-coder/Documents/Cadete/level_2/cub3D/cmake-3.20.0/Source/Checks/Curses-build/CMakeFiles/CMakeTmp'
Building C object CMakeFiles/cmTC_b792c.dir/CheckFunctionExists.c.o
/usr/bin/gcc   -DCHECK_FUNCTION_EXISTS=cbreak -o CMakeFiles/cmTC_b792c.dir/CheckFunctionExists.c.o -c /home/mister-coder/Documents/Cadete/level_2/cub3D/cmake-3.20.0/Modules/CheckFunctionExists.c
Linking C executable cmTC_b792c
/home/mister-coder/Documents/Cadete/level_2/cub3D/cmake-3.20.0/Bootstrap.cmk/cmake -E cmake_link_script CMakeFiles/cmTC_b792c.dir/link.txt --verbose=1
/usr/bin/gcc  -DCHECK_FUNCTION_EXISTS=cbreak -rdynamic CMakeFiles/cmTC_b792c.dir/CheckFunctionExists.c.o -o cmTC_b792c  -lncurses 
make[1]: Leaving directory '/home/mister-coder/Documents/Cadete/level_2/cub3D/cmake-3.20.0/Source/Checks/Curses-build/CMakeFiles/CMakeTmp'



Determining if the function nodelay exists in the /usr/lib/x86_64-linux-gnu/libncurses.so passed with the following output:
Change Dir: /home/mister-coder/Documents/Cadete/level_2/cub3D/cmake-3.20.0/Source/Checks/Curses-build/CMakeFiles/CMakeTmp

Run Build Command(s):/usr/bin/make -f Makefile cmTC_2b39f/fast && make  -f CMakeFiles/cmTC_2b39f.dir/build.make CMakeFiles/cmTC_2b39f.dir/build
make[1]: Entering directory '/home/mister-coder/Documents/Cadete/level_2/cub3D/cmake-3.20.0/Source/Checks/Curses-build/CMakeFiles/CMakeTmp'
Building C object CMakeFiles/cmTC_2b39f.dir/CheckFunctionExists.c.o
/usr/bin/gcc   -DCHECK_FUNCTION_EXISTS=nodelay -o CMakeFiles/cmTC_2b39f.dir/CheckFunctionExists.c.o -c /home/mister-coder/Documents/Cadete/level_2/cub3D/cmake-3.20.0/Modules/CheckFunctionExists.c
Linking C executable cmTC_2b39f
/home/mister-coder/Documents/Cadete/level_2/cub3D/cmake-3.20.0/Bootstrap.cmk/cmake -E cmake_link_script CMakeFiles/cmTC_2b39f.dir/link.txt --verbose=1
/usr/bin/gcc  -DCHECK_FUNCTION_EXISTS=nodelay -rdynamic CMakeFiles/cmTC_2b39f.dir/CheckFunctionExists.c.o -o cmTC_2b39f  -lncurses 
make[1]: Leaving directory '/home/mister-coder/Documents/Cadete/level_2/cub3D/cmake-3.20.0/Source/Checks/Curses-build/CMakeFiles/CMakeTmp'



