[1;34marr[0]: [0;39m ./push_swap 11 7 6 1 4 9 0 10 17 5 8 13 16 19 3 14 2 15 18 12 	checker_linux:[0;32mOK
[0;39m[1;34marr[1]: [0;39m ./push_swap 13 10 0 7 4 5 11 8 15 9 17 19 2 12 1 3 6 14 18 16 	checker_linux:[0;32mOK
[0;39m[1;34marr[2]: [0;39m ./push_swap 19 8 11 10 4 9 13 17 14 5 15 12 6 16 7 1 0 3 18 2 	checker_linux:[0;32mOK
[0;39m[1;34marr[3]: [0;39m ./push_swap 12 17 13 8 4 5 19 15 3 9 14 16 0 2 10 7 11 1 18 6 	checker_linux:[0;32mOK
[0;39m[1;34marr[4]: [0;39m ./push_swap 16 15 19 17 4 9 12 14 1 5 3 2 11 6 8 10 13 7 18 0 	checker_linux:[0;32mOK
[0;39m[1;34marr[5]: [0;39m ./push_swap 2 14 12 15 4 5 16 3 7 9 1 6 13 0 17 8 19 10 18 11 	checker_linux:[0;32mOK
[0;39m[1;34marr[6]: [0;39m ./push_swap 6 3 16 14 4 9 2 1 10 5 7 0 19 11 15 17 12 8 18 13 	checker_linux:[0;32mOK
[0;39m[1;34marr[7]: [0;39m ./push_swap 0 1 2 3 4 5 6 7 8 9 10 11 12 13 14 15 16 17 18 19 	checker_linux:[0;32mOK
[0;39m[1;34marr[8]: [0;39m ./push_swap 11 7 6 1 4 9 0 10 17 5 8 13 16 19 3 14 2 15 18 12 	checker_linux:[0;32mOK
[0;39m[1;34marr[9]: [0;39m ./push_swap 13 10 0 7 4 5 11 8 15 9 17 19 2 12 1 3 6 14 18 16 	checker_linux:[0;32mOK
[0;39m[1;34marr[10]: [0;39m ./push_swap 19 8 11 10 4 9 13 17 14 5 15 12 6 16 7 1 0 3 18 2 	checker_linux:[0;32mOK
[0;39m[1;34marr[11]: [0;39m ./push_swap 12 17 13 8 4 5 19 15 3 9 14 16 0 2 10 7 11 1 18 6 	checker_linux:[0;32mOK
[0;39m[1;34marr[12]: [0;39m ./push_swap 16 15 19 17 4 9 12 14 1 5 3 2 11 6 8 10 13 7 18 0 	checker_linux:[0;32mOK
[0;39m[1;34marr[13]: [0;39m ./push_swap 2 14 12 15 4 5 16 3 7 9 1 6 13 0 17 8 19 10 18 11 	checker_linux:[0;32mOK
[0;39m[1;34marr[14]: [0;39m ./push_swap 6 3 16 14 4 9 2 1 10 5 7 0 19 11 15 17 12 8 18 13 	checker_linux:[0;32mOK
[0;39m[1;34marr[15]: [0;39m ./push_swap 0 1 2 3 4 5 6 7 8 9 10 11 12 13 14 15 16 17 18 19 	checker_linux:[0;32mOK
[0;39m[1;34marr[16]: [0;39m ./push_swap 11 7 6 1 4 9 0 10 17 5 8 13 16 19 3 14 2 15 18 12 	checker_linux:[0;32mOK
[0;39m[1;34marr[17]: [0;39m ./push_swap 13 10 0 7 4 5 11 8 15 9 17 19 2 12 1 3 6 14 18 16 	checker_linux:[0;32mOK
[0;39m[1;34marr[18]: [0;39m ./push_swap 19 8 11 10 4 9 13 17 14 5 15 12 6 16 7 1 0 3 18 2 	checker_linux:[0;32mOK
[0;39m[1;34marr[19]: [0;39m ./push_swap 12 17 13 8 4 5 19 15 3 9 14 16 0 2 10 7 11 1 18 6 	checker_linux:[0;32mOK
[0;39m[1;34marr[21]: [0;39m ./push_swap 16 15 19 17 4 9 12 14 1 5 3 2 11 6 8 10 13 7 18 0 	checker_linux:[0;32mOK
[0;39m[1;34marr[22]: [0;39m ./push_swap 2 14 12 15 4 5 16 3 7 9 1 6 13 0 17 8 19 10 18 11 	checker_linux:[0;32mOK
[0;39m[1;34marr[23]: [0;39m ./push_swap 6 3 16 14 4 9 2 1 10 5 7 0 19 11 15 17 12 8 18 13 	checker_linux:[0;32mOK
[0;39m[1;34marr[24]: [0;39m ./push_swap 0 1 2 3 4 5 6 7 8 9 10 11 12 13 14 15 16 17 18 19 	checker_linux:[0;32mOK
[0;39m[1;34marr[25]: [0;39m ./push_swap 11 7 6 1 4 9 0 10 17 5 8 13 16 19 3 14 2 15 18 12 	checker_linux:[0;32mOK
[0;39m[1;34marr[26]: [0;39m ./push_swap 13 10 0 7 4 5 11 8 15 9 17 19 2 12 1 3 6 14 18 16 	checker_linux:[0;32mOK
[0;39m[1;34marr[27]: [0;39m ./push_swap 19 8 11 10 4 9 13 17 14 5 15 12 6 16 7 1 0 3 18 2 	checker_linux:[0;32mOK
[0;39m[1;34marr[28]: [0;39m ./push_swap 12 17 13 8 4 5 19 15 3 9 14 16 0 2 10 7 11 1 18 6 	checker_linux:[0;32mOK
[0;39m[1;34marr[29]: [0;39m ./push_swap 16 15 19 17 4 9 12 14 1 5 3 2 11 6 8 10 13 7 18 0 	checker_linux:[0;32mOK
[0;39m[1;34marr[30]: [0;39m ./push_swap 2 14 12 15 4 5 16 3 7 9 1 6 13 0 17 8 19 10 18 11 	checker_linux:[0;32mOK
[0;39m[1;34marr[31]: [0;39m ./push_swap 6 3 16 14 4 9 2 1 10 5 7 0 19 11 15 17 12 8 18 13 	checker_linux:[0;32mOK
[0;39m[1;34marr[32]: [0;39m ./push_swap 0 1 2 3 4 5 6 7 8 9 10 11 12 13 14 15 16 17 18 19 	checker_linux:[0;32mOK
[0;39m[1;34marr[33]: [0;39m ./push_swap 11 7 6 1 4 9 0 10 17 5 8 13 16 19 3 14 2 15 18 12 	checker_linux:[0;32mOK
[0;39m[1;34marr[34]: [0;39m ./push_swap 13 10 0 7 4 5 11 8 15 9 17 19 2 12 1 3 6 14 18 16 	checker_linux:[0;32mOK
[0;39m[1;34marr[35]: [0;39m ./push_swap 19 8 11 10 4 9 13 17 14 5 15 12 6 16 7 1 0 3 18 2 	checker_linux:[0;32mOK
[0;39m[1;34marr[36]: [0;39m ./push_swap 12 17 13 8 4 5 19 15 3 9 14 16 0 2 10 7 11 1 18 6 	checker_linux:[0;32mOK
[0;39m[1;34marr[37]: [0;39m ./push_swap 16 15 19 17 4 9 12 14 1 5 3 2 11 6 8 10 13 7 18 0 	checker_linux:[0;32mOK
[0;39m[1;34marr[38]: [0;39m ./push_swap 2 14 12 15 4 5 16 3 7 9 1 6 13 0 17 8 19 10 18 11 	checker_linux:[0;32mOK
[0;39m[1;34marr[39]: [0;39m ./push_swap 6 3 16 14 4 9 2 1 10 5 7 0 19 11 15 17 12 8 18 13 	checker_linux:[0;32mOK
[0;39m[1;34marr[41]: [0;39m ./push_swap 0 1 2 3 4 5 6 7 8 9 10 11 12 13 14 15 16 17 18 19 	checker_linux:[0;32mOK
[0;39m[1;34marr[42]: [0;39m ./push_swap 11 7 6 1 4 9 0 10 17 5 8 13 16 19 3 14 2 15 18 12 	checker_linux:[0;32mOK
[0;39m[1;34marr[43]: [0;39m ./push_swap 13 10 0 7 4 5 11 8 15 9 17 19 2 12 1 3 6 14 18 16 	checker_linux:[0;32mOK
[0;39m[1;34marr[44]: [0;39m ./push_swap 19 8 11 10 4 9 13 17 14 5 15 12 6 16 7 1 0 3 18 2 	checker_linux:[0;32mOK
[0;39m[1;34marr[45]: [0;39m ./push_swap 12 17 13 8 4 5 19 15 3 9 14 16 0 2 10 7 11 1 18 6 	checker_linux:[0;32mOK
[0;39m[1;34marr[46]: [0;39m ./push_swap 16 15 19 17 4 9 12 14 1 5 3 2 11 6 8 10 13 7 18 0 	checker_linux:[0;32mOK
[0;39m[1;34marr[47]: [0;39m ./push_swap 2 14 12 15 4 5 16 3 7 9 1 6 13 0 17 8 19 10 18 11 	checker_linux:[0;32mOK
[0;39m[1;34marr[48]: [0;39m ./push_swap 6 3 16 14 4 9 2 1 10 5 7 0 19 11 15 17 12 8 18 13 	checker_linux:[0;32mOK
[0;39m[1;34marr[49]: [0;39m ./push_swap 0 1 2 3 4 5 6 7 8 9 10 11 12 13 14 15 16 17 18 19 	checker_linux:[0;32mOK
[0;39m[1;34marr[50]: [0;39m ./push_swap 11 7 6 1 4 9 0 10 17 5 8 13 16 19 3 14 2 15 18 12 	checker_linux:[0;32mOK
[0;39m[1;34marr[51]: [0;39m ./push_swap 13 10 0 7 4 5 11 8 15 9 17 19 2 12 1 3 6 14 18 16 	checker_linux:[0;32mOK
[0;39m[1;34marr[52]: [0;39m ./push_swap 19 8 11 10 4 9 13 17 14 5 15 12 6 16 7 1 0 3 18 2 	checker_linux:[0;32mOK
[0;39m[1;34marr[53]: [0;39m ./push_swap 12 17 13 8 4 5 19 15 3 9 14 16 0 2 10 7 11 1 18 6 	checker_linux:[0;32mOK
[0;39m[1;34marr[54]: [0;39m ./push_swap 16 15 19 17 4 9 12 14 1 5 3 2 11 6 8 10 13 7 18 0 	checker_linux:[0;32mOK
[0;39m[1;34marr[55]: [0;39m ./push_swap 2 14 12 15 4 5 16 3 7 9 1 6 13 0 17 8 19 10 18 11 	checker_linux:[0;32mOK
[0;39m[1;34marr[56]: [0;39m ./push_swap 6 3 16 14 4 9 2 1 10 5 7 0 19 11 15 17 12 8 18 13 	checker_linux:[0;32mOK
[0;39m[1;34marr[57]: [0;39m ./push_swap 0 1 2 3 4 5 6 7 8 9 10 11 12 13 14 15 16 17 18 19 	checker_linux:[0;32mOK
[0;39m[1;34marr[58]: [0;39m ./push_swap 11 7 6 1 4 9 0 10 17 5 8 13 16 19 3 14 2 15 18 12 	checker_linux:[0;32mOK
[0;39m[1;34marr[59]: [0;39m ./push_swap 13 10 0 7 4 5 11 8 15 9 17 19 2 12 1 3 6 14 18 16 	checker_linux:[0;32mOK
[0;39m[1;34marr[61]: [0;39m ./push_swap 19 8 11 10 4 9 13 17 14 5 15 12 6 16 7 1 0 3 18 2 	checker_linux:[0;32mOK
[0;39m[1;34marr[62]: [0;39m ./push_swap 12 17 13 8 4 5 19 15 3 9 14 16 0 2 10 7 11 1 18 6 	checker_linux:[0;32mOK
[0;39m[1;34marr[63]: [0;39m ./push_swap 16 15 19 17 4 9 12 14 1 5 3 2 11 6 8 10 13 7 18 0 	checker_linux:[0;32mOK
[0;39m[1;34marr[64]: [0;39m ./push_swap 2 14 12 15 4 5 16 3 7 9 1 6 13 0 17 8 19 10 18 11 	checker_linux:[0;32mOK
[0;39m[1;34marr[65]: [0;39m ./push_swap 6 3 16 14 4 9 2 1 10 5 7 0 19 11 15 17 12 8 18 13 	checker_linux:[0;32mOK
[0;39m[1;34marr[66]: [0;39m ./push_swap 0 1 2 3 4 5 6 7 8 9 10 11 12 13 14 15 16 17 18 19 	checker_linux:[0;32mOK
[0;39m[1;34marr[67]: [0;39m ./push_swap 11 7 6 1 4 9 0 10 17 5 8 13 16 19 3 14 2 15 18 12 	checker_linux:[0;32mOK
[0;39m[1;34marr[68]: [0;39m ./push_swap 13 10 0 7 4 5 11 8 15 9 17 19 2 12 1 3 6 14 18 16 	checker_linux:[0;32mOK
[0;39m[1;34marr[69]: [0;39m ./push_swap 19 8 11 10 4 9 13 17 14 5 15 12 6 16 7 1 0 3 18 2 	checker_linux:[0;32mOK
[0;39m[1;34marr[70]: [0;39m ./push_swap 12 17 13 8 4 5 19 15 3 9 14 16 0 2 10 7 11 1 18 6 	checker_linux:[0;32mOK
[0;39m[1;34marr[71]: [0;39m ./push_swap 16 15 19 17 4 9 12 14 1 5 3 2 11 6 8 10 13 7 18 0 	checker_linux:[0;32mOK
[0;39m[1;34marr[72]: [0;39m ./push_swap 2 14 12 15 4 5 16 3 7 9 1 6 13 0 17 8 19 10 18 11 	checker_linux:[0;32mOK
[0;39m[1;34marr[73]: [0;39m ./push_swap 6 3 16 14 4 9 2 1 10 5 7 0 19 11 15 17 12 8 18 13 	checker_linux:[0;32mOK
[0;39m[1;34marr[74]: [0;39m ./push_swap 0 1 2 3 4 5 6 7 8 9 10 11 12 13 14 15 16 17 18 19 	checker_linux:[0;32mOK
[0;39m[1;34marr[75]: [0;39m ./push_swap 11 7 6 1 4 9 0 10 17 5 8 13 16 19 3 14 2 15 18 12 	checker_linux:[0;32mOK
[0;39m[1;34marr[76]: [0;39m ./push_swap 13 10 0 7 4 5 11 8 15 9 17 19 2 12 1 3 6 14 18 16 	checker_linux:[0;32mOK
[0;39m[1;34marr[77]: [0;39m ./push_swap 19 8 11 10 4 9 13 17 14 5 15 12 6 16 7 1 0 3 18 2 	checker_linux:[0;32mOK
[0;39m[1;34marr[78]: [0;39m ./push_swap 12 17 13 8 4 5 19 15 3 9 14 16 0 2 10 7 11 1 18 6 	checker_linux:[0;32mOK
[0;39m[1;34marr[79]: [0;39m ./push_swap 16 15 19 17 4 9 12 14 1 5 3 2 11 6 8 10 13 7 18 0 	checker_linux:[0;32mOK
[0;39m[1;34marr[81]: [0;39m ./push_swap 2 14 12 15 4 5 16 3 7 9 1 6 13 0 17 8 19 10 18 11 	checker_linux:[0;32mOK
[0;39m[1;34marr[82]: [0;39m ./push_swap 6 3 16 14 4 9 2 1 10 5 7 0 19 11 15 17 12 8 18 13 	checker_linux:[0;32mOK
[0;39m[1;34marr[83]: [0;39m ./push_swap 0 1 2 3 4 5 6 7 8 9 10 11 12 13 14 15 16 17 18 19 	checker_linux:[0;32mOK
[0;39m[1;34marr[84]: [0;39m ./push_swap 11 7 6 1 4 9 0 10 17 5 8 13 16 19 3 14 2 15 18 12 	checker_linux:[0;32mOK
[0;39m[1;34marr[85]: [0;39m ./push_swap 13 10 0 7 4 5 11 8 15 9 17 19 2 12 1 3 6 14 18 16 	checker_linux:[0;32mOK
[0;39m[1;34marr[86]: [0;39m ./push_swap 19 8 11 10 4 9 13 17 14 5 15 12 6 16 7 1 0 3 18 2 	checker_linux:[0;32mOK
[0;39m[1;34marr[87]: [0;39m ./push_swap 12 17 13 8 4 5 19 15 3 9 14 16 0 2 10 7 11 1 18 6 	checker_linux:[0;32mOK
[0;39m[1;34marr[88]: [0;39m ./push_swap 16 15 19 17 4 9 12 14 1 5 3 2 11 6 8 10 13 7 18 0 	checker_linux:[0;32mOK
[0;39m[1;34marr[89]: [0;39m ./push_swap 2 14 12 15 4 5 16 3 7 9 1 6 13 0 17 8 19 10 18 11 	checker_linux:[0;32mOK
[0;39m[1;34marr[90]: [0;39m ./push_swap 6 3 16 14 4 9 2 1 10 5 7 0 19 11 15 17 12 8 18 13 	checker_linux:[0;32mOK
[0;39m[1;34marr[91]: [0;39m ./push_swap 0 1 2 3 4 5 6 7 8 9 10 11 12 13 14 15 16 17 18 19 	checker_linux:[0;32mOK
[0;39m[1;34marr[92]: [0;39m ./push_swap 11 7 6 1 4 9 0 10 17 5 8 13 16 19 3 14 2 15 18 12 	checker_linux:[0;32mOK
[0;39m[1;34marr[93]: [0;39m ./push_swap 13 10 0 7 4 5 11 8 15 9 17 19 2 12 1 3 6 14 18 16 	checker_linux:[0;32mOK
[0;39m[1;34marr[94]: [0;39m ./push_swap 19 8 11 10 4 9 13 17 14 5 15 12 6 16 7 1 0 3 18 2 	checker_linux:[0;32mOK
[0;39m[1;34marr[95]: [0;39m ./push_swap 12 17 13 8 4 5 19 15 3 9 14 16 0 2 10 7 11 1 18 6 	checker_linux:[0;32mOK
[0;39m[1;34marr[96]: [0;39m ./push_swap 16 15 19 17 4 9 12 14 1 5 3 2 11 6 8 10 13 7 18 0 	checker_linux:[0;32mOK
[0;39m[1;34marr[97]: [0;39m ./push_swap 2 14 12 15 4 5 16 3 7 9 1 6 13 0 17 8 19 10 18 11 	checker_linux:[0;32mOK
[0;39m[1;34marr[98]: [0;39m ./push_swap 6 3 16 14 4 9 2 1 10 5 7 0 19 11 15 17 12 8 18 13 	checker_linux:[0;32mOK
[0;39m[1;34marr[99]: [0;39m ./push_swap 0 1 2 3 4 5 6 7 8 9 10 11 12 13 14 15 16 17 18 19 	checker_linux:[0;32mOK
[0;39m[1;34marr[101]: [0;39m ./push_swap 11 7 6 1 4 9 0 10 17 5 8 13 16 19 3 14 2 15 18 12 	checker_linux:[0;32mOK
[0;39m[1;34marr[102]: [0;39m ./push_swap 13 10 0 7 4 5 11 8 15 9 17 19 2 12 1 3 6 14 18 16 	checker_linux:[0;32mOK
[0;39m[1;34marr[103]: [0;39m ./push_swap 19 8 11 10 4 9 13 17 14 5 15 12 6 16 7 1 0 3 18 2 	checker_linux:[0;32mOK
[0;39m[1;34marr[104]: [0;39m ./push_swap 12 17 13 8 4 5 19 15 3 9 14 16 0 2 10 7 11 1 18 6 	checker_linux:[0;32mOK
[0;39m[1;34marr[105]: [0;39m ./push_swap 16 15 19 17 4 9 12 14 1 5 3 2 11 6 8 10 13 7 18 0 	checker_linux:[0;32mOK
[0;39m[1;34marr[106]: [0;39m ./push_swap 2 14 12 15 4 5 16 3 7 9 1 6 13 0 17 8 19 10 18 11 	checker_linux:[0;32mOK
[0;39m[1;34marr[107]: [0;39m ./push_swap 6 3 16 14 4 9 2 1 10 5 7 0 19 11 15 17 12 8 18 13 	checker_linux:[0;32mOK
[0;39m[1;34marr[108]: [0;39m ./push_swap 0 1 2 3 4 5 6 7 8 9 10 11 12 13 14 15 16 17 18 19 	checker_linux:[0;32mOK
[0;39m[1;34marr[109]: [0;39m ./push_swap 11 7 6 1 4 9 0 10 17 5 8 13 16 19 3 14 2 15 18 12 	checker_linux:[0;32mOK
[0;39m[1;34marr[110]: [0;39m ./push_swap 13 10 0 7 4 5 11 8 15 9 17 19 2 12 1 3 6 14 18 16 	checker_linux:[0;32mOK
[0;39m[1;34marr[111]: [0;39m ./push_swap 19 8 11 10 4 9 13 17 14 5 15 12 6 16 7 1 0 3 18 2 	checker_linux:[0;32mOK
[0;39m[1;34marr[112]: [0;39m ./push_swap 12 17 13 8 4 5 19 15 3 9 14 16 0 2 10 7 11 1 18 6 	checker_linux:[0;32mOK
[0;39m[1;34marr[113]: [0;39m ./push_swap 16 15 19 17 4 9 12 14 1 5 3 2 11 6 8 10 13 7 18 0 	checker_linux:[0;32mOK
[0;39m[1;34marr[114]: [0;39m ./push_swap 2 14 12 15 4 5 16 3 7 9 1 6 13 0 17 8 19 10 18 11 	checker_linux:[0;32mOK
[0;39m[1;34marr[115]: [0;39m ./push_swap 6 3 16 14 4 9 2 1 10 5 7 0 19 11 15 17 12 8 18 13 	checker_linux:[0;32mOK
[0;39m[1;34marr[116]: [0;39m ./push_swap 0 1 2 3 4 5 6 7 8 9 10 11 12 13 14 15 16 17 18 19 	checker_linux:[0;32mOK
[0;39m[1;34marr[117]: [0;39m ./push_swap 11 7 6 1 4 9 0 10 17 5 8 13 16 19 3 14 2 15 18 12 	checker_linux:[0;32mOK
[0;39m[1;34marr[118]: [0;39m ./push_swap 13 10 0 7 4 5 11 8 15 9 17 19 2 12 1 3 6 14 18 16 	checker_linux:[0;32mOK
[0;39m[1;34marr[119]: [0;39m ./push_swap 19 8 11 10 4 9 13 17 14 5 15 12 6 16 7 1 0 3 18 2 	checker_linux:[0;32mOK
[0;39m[1;34marr[121]: [0;39m ./push_swap 12 17 13 8 4 5 19 15 3 9 14 16 0 2 10 7 11 1 18 6 	checker_linux:[0;32mOK
[0;39m[1;34marr[122]: [0;39m ./push_swap 16 15 19 17 4 9 12 14 1 5 3 2 11 6 8 10 13 7 18 0 	checker_linux:[0;32mOK
[0;39m[1;34marr[123]: [0;39m ./push_swap 2 14 12 15 4 5 16 3 7 9 1 6 13 0 17 8 19 10 18 11 	checker_linux:[0;32mOK
[0;39m[1;34marr[124]: [0;39m ./push_swap 6 3 16 14 4 9 2 1 10 5 7 0 19 11 15 17 12 8 18 13 	checker_linux:[0;32mOK
[0;39m[1;34marr[125]: [0;39m ./push_swap 0 1 2 3 4 5 6 7 8 9 10 11 12 13 14 15 16 17 18 19 	checker_linux:[0;32mOK
[0;39m[1;34marr[126]: [0;39m ./push_swap 11 7 6 1 4 9 0 10 17 5 8 13 16 19 3 14 2 15 18 12 	checker_linux:[0;32mOK
[0;39m[1;34marr[127]: [0;39m ./push_swap 13 10 0 7 4 5 11 8 15 9 17 19 2 12 1 3 6 14 18 16 	checker_linux:[0;32mOK
[0;39m[1;34marr[128]: [0;39m ./push_swap 19 8 11 10 4 9 13 17 14 5 15 12 6 16 7 1 0 3 18 2 	checker_linux:[0;32mOK
[0;39m[1;34marr[129]: [0;39m ./push_swap 12 17 13 8 4 5 19 15 3 9 14 16 0 2 10 7 11 1 18 6 	checker_linux:[0;32mOK
[0;39m[1;34marr[130]: [0;39m ./push_swap 16 15 19 17 4 9 12 14 1 5 3 2 11 6 8 10 13 7 18 0 	checker_linux:[0;32mOK
[0;39m[1;34marr[131]: [0;39m ./push_swap 2 14 12 15 4 5 16 3 7 9 1 6 13 0 17 8 19 10 18 11 	checker_linux:[0;32mOK
[0;39m[1;34marr[132]: [0;39m ./push_swap 6 3 16 14 4 9 2 1 10 5 7 0 19 11 15 17 12 8 18 13 	checker_linux:[0;32mOK
[0;39m[1;34marr[133]: [0;39m ./push_swap 0 1 2 3 4 5 6 7 8 9 10 11 12 13 14 15 16 17 18 19 	checker_linux:[0;32mOK
[0;39m[1;34marr[134]: [0;39m ./push_swap 11 7 6 1 4 9 0 10 17 5 8 13 16 19 3 14 2 15 18 12 	checker_linux:[0;32mOK
[0;39m[1;34marr[135]: [0;39m ./push_swap 13 10 0 7 4 5 11 8 15 9 17 19 2 12 1 3 6 14 18 16 	checker_linux:[0;32mOK
[0;39m[1;34marr[136]: [0;39m ./push_swap 19 8 11 10 4 9 13 17 14 5 15 12 6 16 7 1 0 3 18 2 	checker_linux:[0;32mOK
[0;39m[1;34marr[137]: [0;39m ./push_swap 12 17 13 8 4 5 19 15 3 9 14 16 0 2 10 7 11 1 18 6 	checker_linux:[0;32mOK
[0;39m[1;34marr[138]: [0;39m ./push_swap 16 15 19 17 4 9 12 14 1 5 3 2 11 6 8 10 13 7 18 0 	checker_linux:[0;32mOK
[0;39m[1;34marr[139]: [0;39m ./push_swap 2 14 12 15 4 5 16 3 7 9 1 6 13 0 17 8 19 10 18 11 	checker_linux:[0;32mOK
[0;39m[1;34marr[141]: [0;39m ./push_swap 6 3 16 14 4 9 2 1 10 5 7 0 19 11 15 17 12 8 18 13 	checker_linux:[0;32mOK
[0;39m[1;34marr[142]: [0;39m ./push_swap 0 1 2 3 4 5 6 7 8 9 10 11 12 13 14 15 16 17 18 19 	checker_linux:[0;32mOK
[0;39m[1;34marr[143]: [0;39m ./push_swap 11 7 6 1 4 9 0 10 17 5 8 13 16 19 3 14 2 15 18 12 	checker_linux:[0;32mOK
[0;39m[1;34marr[144]: [0;39m ./push_swap 13 10 0 7 4 5 11 8 15 9 17 19 2 12 1 3 6 14 18 16 	checker_linux:[0;32mOK
[0;39m[1;34marr[145]: [0;39m ./push_swap 19 8 11 10 4 9 13 17 14 5 15 12 6 16 7 1 0 3 18 2 	checker_linux:[0;32mOK
[0;39m[1;34marr[146]: [0;39m ./push_swap 12 17 13 8 4 5 19 15 3 9 14 16 0 2 10 7 11 1 18 6 	checker_linux:[0;32mOK
[0;39m[1;34marr[147]: [0;39m ./push_swap 16 15 19 17 4 9 12 14 1 5 3 2 11 6 8 10 13 7 18 0 	checker_linux:[0;32mOK
[0;39m[1;34marr[148]: [0;39m ./push_swap 2 14 12 15 4 5 16 3 7 9 1 6 13 0 17 8 19 10 18 11 	checker_linux:[0;32mOK
[0;39m[1;34marr[149]: [0;39m ./push_swap 6 3 16 14 4 9 2 1 10 5 7 0 19 11 15 17 12 8 18 13 	checker_linux:[0;32mOK
[0;39m[1;34marr[150]: [0;39m ./push_swap 0 1 2 3 4 5 6 7 8 9 10 11 12 13 14 15 16 17 18 19 	checker_linux:[0;32mOK
[0;39m[1;34marr[151]: [0;39m ./push_swap 11 7 6 1 4 9 0 10 17 5 8 13 16 19 3 14 2 15 18 12 	checker_linux:[0;32mOK
[0;39m[1;34marr[152]: [0;39m ./push_swap 13 10 0 7 4 5 11 8 15 9 17 19 2 12 1 3 6 14 18 16 	checker_linux:[0;32mOK
[0;39m[1;34marr[153]: [0;39m ./push_swap 19 8 11 10 4 9 13 17 14 5 15 12 6 16 7 1 0 3 18 2 	checker_linux:[0;32mOK
[0;39m[1;34marr[154]: [0;39m ./push_swap 12 17 13 8 4 5 19 15 3 9 14 16 0 2 10 7 11 1 18 6 	checker_linux:[0;32mOK
[0;39m[1;34marr[155]: [0;39m ./push_swap 16 15 19 17 4 9 12 14 1 5 3 2 11 6 8 10 13 7 18 0 	checker_linux:[0;32mOK
[0;39m[1;34marr[156]: [0;39m ./push_swap 2 14 12 15 4 5 16 3 7 9 1 6 13 0 17 8 19 10 18 11 	checker_linux:[0;32mOK
[0;39m[1;34marr[157]: [0;39m ./push_swap 6 3 16 14 4 9 2 1 10 5 7 0 19 11 15 17 12 8 18 13 	checker_linux:[0;32mOK
[0;39m[1;34marr[158]: [0;39m ./push_swap 0 1 2 3 4 5 6 7 8 9 10 11 12 13 14 15 16 17 18 19 	checker_linux:[0;32mOK
[0;39m[1;34marr[159]: [0;39m ./push_swap 11 7 6 1 4 9 0 10 17 5 8 13 16 19 3 14 2 15 18 12 	checker_linux:[0;32mOK
[0;39m