[1;34marr[0]: [0;39m ./push_swap 16 15 3 4 5 19 6 10 11 0 18 12 7 14 9 13 1 17 2 8 	checker_linux:[1;31mError
[0;39m[1;34marr[1]: [0;39m ./push_swap 1 13 4 5 19 8 6 18 12 16 2 7 10 9 0 14 15 17 3 11 	checker_linux:[1;31mError
[0;39m[1;34marr[2]: [0;39m ./push_swap 15 14 5 19 8 11 6 2 7 1 3 10 18 0 16 9 13 17 4 12 	checker_linux:[1;31mError
[0;39m[1;34marr[3]: [0;39m ./push_swap 13 9 19 8 11 12 6 3 10 15 4 18 2 16 1 0 14 17 5 7 	checker_linux:[1;31mError
[0;39m[1;34marr[4]: [0;39m ./push_swap 14 0 8 11 12 7 6 4 18 13 5 2 3 1 15 16 9 17 19 10 	checker_linux:[1;31mError
[0;39m[1;34marr[5]: [0;39m ./push_swap 9 16 11 12 7 10 6 5 2 14 19 3 4 15 13 1 0 17 8 18 	checker_linux:[1;31mError
[0;39m[1;34marr[6]: [0;39m ./push_swap 0 1 12 7 10 18 6 19 3 9 8 4 5 13 14 15 16 17 11 2 	checker_linux:[1;31mError
[0;39m[1;34marr[7]: [0;39m ./push_swap 16 15 7 10 18 2 6 8 4 0 11 5 19 14 9 13 1 17 12 3 	checker_linux:[1;31mError
[0;39m[1;34marr[8]: [0;39m ./push_swap 1 13 10 18 2 3 6 11 5 16 12 19 8 9 0 14 15 17 7 4 	checker_linux:[1;31mError
[0;39m[1;34marr[9]: [0;39m ./push_swap 15 14 18 2 3 4 6 12 19 1 7 8 11 0 16 9 13 17 10 5 	checker_linux:[1;31mError
[0;39m[1;34marr[10]: [0;39m ./push_swap 13 9 2 3 4 5 6 7 8 15 10 11 12 16 1 0 14 17 18 19 	checker_linux:[1;31mError
[0;39m[1;34marr[11]: [0;39m ./push_swap 14 0 3 4 5 19 6 10 11 13 18 12 7 1 15 16 9 17 2 8 	checker_linux:[1;31mError
[0;39m[1;34marr[12]: [0;39m ./push_swap 9 16 4 5 19 8 6 18 12 14 2 7 10 15 13 1 0 17 3 11 	checker_linux:[1;31mError
[0;39m[1;34marr[13]: [0;39m ./push_swap 0 1 5 19 8 11 6 2 7 9 3 10 18 13 14 15 16 17 4 12 	checker_linux:[1;31mError
[0;39m[1;34marr[14]: [0;39m ./push_swap 16 15 19 8 11 12 6 3 10 0 4 18 2 14 9 13 1 17 5 7 	checker_linux:[1;31mError
[0;39m[1;34marr[15]: [0;39m ./push_swap 1 13 8 11 12 7 6 4 18 16 5 2 3 9 0 14 15 17 19 10 	checker_linux:[1;31mError
[0;39m[1;34marr[16]: [0;39m ./push_swap 15 14 11 12 7 10 6 5 2 1 19 3 4 0 16 9 13 17 8 18 	checker_linux:[1;31mError
[0;39m[1;34marr[17]: [0;39m ./push_swap 13 9 12 7 10 18 6 19 3 15 8 4 5 16 1 0 14 17 11 2 	checker_linux:[1;31mError
[0;39m[1;34marr[18]: [0;39m ./push_swap 14 0 7 10 18 2 6 8 4 13 11 5 19 1 15 16 9 17 12 3 	checker_linux:[1;31mError
[0;39m[1;34marr[19]: [0;39m ./push_swap 9 16 10 18 2 3 6 11 5 14 12 19 8 15 13 1 0 17 7 4 	checker_linux:[1;31mError
[0;39m[1;34marr[21]: [0;39m ./push_swap 0 1 18 2 3 4 6 12 19 9 7 8 11 13 14 15 16 17 10 5 	checker_linux:[1;31mError
[0;39m[1;34marr[22]: [0;39m ./push_swap 16 15 2 3 4 5 6 7 8 0 10 11 12 14 9 13 1 17 18 19 	checker_linux:[1;31mError
[0;39m[1;34marr[23]: [0;39m ./push_swap 1 13 3 4 5 19 6 10 11 16 18 12 7 9 0 14 15 17 2 8 	checker_linux:[1;31mError
[0;39m[1;34marr[24]: [0;39m ./push_swap 15 14 4 5 19 8 6 18 12 1 2 7 10 0 16 9 13 17 3 11 	checker_linux:[1;31mError
[0;39m[1;34marr[25]: [0;39m ./push_swap 13 9 5 19 8 11 6 2 7 15 3 10 18 16 1 0 14 17 4 12 	checker_linux:[1;31mError
[0;39m[1;34marr[26]: [0;39m ./push_swap 14 0 19 8 11 12 6 3 10 13 4 18 2 1 15 16 9 17 5 7 	checker_linux:[1;31mError
[0;39m[1;34marr[27]: [0;39m ./push_swap 9 16 8 11 12 7 6 4 18 14 5 2 3 15 13 1 0 17 19 10 	checker_linux:[1;31mError
[0;39m[1;34marr[28]: [0;39m ./push_swap 0 1 11 12 7 10 6 5 2 9 19 3 4 13 14 15 16 17 8 18 	checker_linux:[1;31mError
[0;39m[1;34marr[29]: [0;39m ./push_swap 16 15 12 7 10 18 6 19 3 0 8 4 5 14 9 13 1 17 11 2 	checker_linux:[1;31mError
[0;39m[1;34marr[30]: [0;39m ./push_swap 1 13 7 10 18 2 6 8 4 16 11 5 19 9 0 14 15 17 12 3 	checker_linux:[1;31mError
[0;39m[1;34marr[31]: [0;39m ./push_swap 15 14 10 18 2 3 6 11 5 1 12 19 8 0 16 9 13 17 7 4 	checker_linux:[1;31mError
[0;39m[1;34marr[32]: [0;39m ./push_swap 13 9 18 2 3 4 6 12 19 15 7 8 11 16 1 0 14 17 10 5 	checker_linux:[1;31mError
[0;39m[1;34marr[33]: [0;39m ./push_swap 14 0 2 3 4 5 6 7 8 13 10 11 12 1 15 16 9 17 18 19 	checker_linux:[1;31mError
[0;39m[1;34marr[34]: [0;39m ./push_swap 9 16 3 4 5 19 6 10 11 14 18 12 7 15 13 1 0 17 2 8 	checker_linux:[1;31mError
[0;39m[1;34marr[35]: [0;39m ./push_swap 0 1 4 5 19 8 6 18 12 9 2 7 10 13 14 15 16 17 3 11 	checker_linux:[1;31mError
[0;39m[1;34marr[36]: [0;39m ./push_swap 16 15 5 19 8 11 6 2 7 0 3 10 18 14 9 13 1 17 4 12 	checker_linux:[1;31mError
[0;39m[1;34marr[37]: [0;39m ./push_swap 1 13 19 8 11 12 6 3 10 16 4 18 2 9 0 14 15 17 5 7 	checker_linux:[1;31mError
[0;39m[1;34marr[38]: [0;39m ./push_swap 15 14 8 11 12 7 6 4 18 1 5 2 3 0 16 9 13 17 19 10 	checker_linux:[1;31mError
[0;39m[1;34marr[39]: [0;39m ./push_swap 13 9 11 12 7 10 6 5 2 15 19 3 4 16 1 0 14 17 8 18 	checker_linux:[1;31mError
[0;39m[1;34marr[41]: [0;39m ./push_swap 14 0 12 7 10 18 6 19 3 13 8 4 5 1 15 16 9 17 11 2 	checker_linux:[1;31mError
[0;39m[1;34marr[42]: [0;39m ./push_swap 9 16 7 10 18 2 6 8 4 14 11 5 19 15 13 1 0 17 12 3 	checker_linux:[1;31mError
[0;39m[1;34marr[43]: [0;39m ./push_swap 0 1 10 18 2 3 6 11 5 9 12 19 8 13 14 15 16 17 7 4 	checker_linux:[1;31mError
[0;39m[1;34marr[44]: [0;39m ./push_swap 16 15 18 2 3 4 6 12 19 0 7 8 11 14 9 13 1 17 10 5 	checker_linux:[1;31mError
[0;39m[1;34marr[45]: [0;39m ./push_swap 1 13 2 3 4 5 6 7 8 16 10 11 12 9 0 14 15 17 18 19 	checker_linux:[1;31mError
[0;39m[1;34marr[46]: [0;39m ./push_swap 15 14 3 4 5 19 6 10 11 1 18 12 7 0 16 9 13 17 2 8 	checker_linux:[1;31mError
[0;39m[1;34marr[47]: [0;39m ./push_swap 13 9 4 5 19 8 6 18 12 15 2 7 10 16 1 0 14 17 3 11 	checker_linux:[1;31mError
[0;39m[1;34marr[48]: [0;39m ./push_swap 14 0 5 19 8 11 6 2 7 13 3 10 18 1 15 16 9 17 4 12 	checker_linux:[1;31mError
[0;39m[1;34marr[49]: [0;39m ./push_swap 9 16 19 8 11 12 6 3 10 14 4 18 2 15 13 1 0 17 5 7 	checker_linux:[1;31mError
[0;39m[1;34marr[50]: [0;39m ./push_swap 0 1 8 11 12 7 6 4 18 9 5 2 3 13 14 15 16 17 19 10 	checker_linux:[1;31mError
[0;39m[1;34marr[51]: [0;39m ./push_swap 16 15 11 12 7 10 6 5 2 0 19 3 4 14 9 13 1 17 8 18 	checker_linux:[1;31mError
[0;39m[1;34marr[52]: [0;39m ./push_swap 1 13 12 7 10 18 6 19 3 16 8 4 5 9 0 14 15 17 11 2 	checker_linux:[1;31mError
[0;39m[1;34marr[53]: [0;39m ./push_swap 15 14 7 10 18 2 6 8 4 1 11 5 19 0 16 9 13 17 12 3 	checker_linux:[1;31mError
[0;39m[1;34marr[54]: [0;39m ./push_swap 13 9 10 18 2 3 6 11 5 15 12 19 8 16 1 0 14 17 7 4 	checker_linux:[1;31mError
[0;39m[1;34marr[55]: [0;39m ./push_swap 14 0 18 2 3 4 6 12 19 13 7 8 11 1 15 16 9 17 10 5 	checker_linux:[1;31mError
[0;39m[1;34marr[56]: [0;39m ./push_swap 9 16 2 3 4 5 6 7 8 14 10 11 12 15 13 1 0 17 18 19 	checker_linux:[1;31mError
[0;39m[1;34marr[57]: [0;39m ./push_swap 0 1 3 4 5 19 6 10 11 9 18 12 7 13 14 15 16 17 2 8 	checker_linux:[1;31mError
[0;39m[1;34marr[58]: [0;39m ./push_swap 16 15 4 5 19 8 6 18 12 0 2 7 10 14 9 13 1 17 3 11 	checker_linux:[1;31mError
[0;39m[1;34marr[59]: [0;39m ./push_swap 1 13 5 19 8 11 6 2 7 16 3 10 18 9 0 14 15 17 4 12 	checker_linux:[1;31mError
[0;39m[1;34marr[61]: [0;39m ./push_swap 15 14 19 8 11 12 6 3 10 1 4 18 2 0 16 9 13 17 5 7 	checker_linux:[1;31mError
[0;39m[1;34marr[62]: [0;39m ./push_swap 13 9 8 11 12 7 6 4 18 15 5 2 3 16 1 0 14 17 19 10 	checker_linux:[1;31mError
[0;39m[1;34marr[63]: [0;39m ./push_swap 14 0 11 12 7 10 6 5 2 13 19 3 4 1 15 16 9 17 8 18 	checker_linux:[1;31mError
[0;39m[1;34marr[64]: [0;39m ./push_swap 9 16 12 7 10 18 6 19 3 14 8 4 5 15 13 1 0 17 11 2 	checker_linux:[1;31mError
[0;39m[1;34marr[65]: [0;39m ./push_swap 0 1 7 10 18 2 6 8 4 9 11 5 19 13 14 15 16 17 12 3 	checker_linux:[1;31mError
[0;39m[1;34marr[66]: [0;39m ./push_swap 16 15 10 18 2 3 6 11 5 0 12 19 8 14 9 13 1 17 7 4 	checker_linux:[1;31mError
[0;39m[1;34marr[67]: [0;39m ./push_swap 1 13 18 2 3 4 6 12 19 16 7 8 11 9 0 14 15 17 10 5 	checker_linux:[1;31mError
[0;39m[1;34marr[68]: [0;39m ./push_swap 15 14 2 3 4 5 6 7 8 1 10 11 12 0 16 9 13 17 18 19 	checker_linux:[1;31mError
[0;39m[1;34marr[69]: [0;39m ./push_swap 13 9 3 4 5 19 6 10 11 15 18 12 7 16 1 0 14 17 2 8 	checker_linux:[1;31mError
[0;39m[1;34marr[70]: [0;39m ./push_swap 14 0 4 5 19 8 6 18 12 13 2 7 10 1 15 16 9 17 3 11 	checker_linux:[1;31mError
[0;39m[1;34marr[71]: [0;39m ./push_swap 9 16 5 19 8 11 6 2 7 14 3 10 18 15 13 1 0 17 4 12 	checker_linux:[1;31mError
[0;39m[1;34marr[72]: [0;39m ./push_swap 0 1 19 8 11 12 6 3 10 9 4 18 2 13 14 15 16 17 5 7 	checker_linux:[1;31mError
[0;39m[1;34marr[73]: [0;39m ./push_swap 16 15 8 11 12 7 6 4 18 0 5 2 3 14 9 13 1 17 19 10 	checker_linux:[1;31mError
[0;39m[1;34marr[74]: [0;39m ./push_swap 1 13 11 12 7 10 6 5 2 16 19 3 4 9 0 14 15 17 8 18 	checker_linux:[1;31mError
[0;39m[1;34marr[75]: [0;39m ./push_swap 15 14 12 7 10 18 6 19 3 1 8 4 5 0 16 9 13 17 11 2 	checker_linux:[1;31mError
[0;39m[1;34marr[76]: [0;39m ./push_swap 13 9 7 10 18 2 6 8 4 15 11 5 19 16 1 0 14 17 12 3 	checker_linux:[1;31mError
[0;39m[1;34marr[77]: [0;39m ./push_swap 14 0 10 18 2 3 6 11 5 13 12 19 8 1 15 16 9 17 7 4 	checker_linux:[1;31mError
[0;39m[1;34marr[78]: [0;39m ./push_swap 9 16 18 2 3 4 6 12 19 14 7 8 11 15 13 1 0 17 10 5 	checker_linux:[1;31mError
[0;39m[1;34marr[79]: [0;39m ./push_swap 0 1 2 3 4 5 6 7 8 9 10 11 12 13 14 15 16 17 18 19 	checker_linux:[1;31mError
[0;39m[1;34marr[81]: [0;39m ./push_swap 16 15 3 4 5 19 6 10 11 0 18 12 7 14 9 13 1 17 2 8 	checker_linux:[1;31mError
[0;39m[1;34marr[82]: [0;39m ./push_swap 1 13 4 5 19 8 6 18 12 16 2 7 10 9 0 14 15 17 3 11 	checker_linux:[1;31mError
[0;39m[1;34marr[83]: [0;39m ./push_swap 15 14 5 19 8 11 6 2 7 1 3 10 18 0 16 9 13 17 4 12 	checker_linux:[1;31mError
[0;39m[1;34marr[84]: [0;39m ./push_swap 13 9 19 8 11 12 6 3 10 15 4 18 2 16 1 0 14 17 5 7 	checker_linux:[1;31mError
[0;39m[1;34marr[85]: [0;39m ./push_swap 14 0 8 11 12 7 6 4 18 13 5 2 3 1 15 16 9 17 19 10 	checker_linux:[1;31mError
[0;39m[1;34marr[86]: [0;39m ./push_swap 9 16 11 12 7 10 6 5 2 14 19 3 4 15 13 1 0 17 8 18 	checker_linux:[1;31mError
[0;39m[1;34marr[87]: [0;39m ./push_swap 0 1 12 7 10 18 6 19 3 9 8 4 5 13 14 15 16 17 11 2 	checker_linux:[1;31mError
[0;39m[1;34marr[88]: [0;39m ./push_swap 16 15 7 10 18 2 6 8 4 0 11 5 19 14 9 13 1 17 12 3 	checker_linux:[1;31mError
[0;39m[1;34marr[89]: [0;39m ./push_swap 1 13 10 18 2 3 6 11 5 16 12 19 8 9 0 14 15 17 7 4 	checker_linux:[1;31mError
[0;39m[1;34marr[90]: [0;39m ./push_swap 15 14 18 2 3 4 6 12 19 1 7 8 11 0 16 9 13 17 10 5 	checker_linux:[1;31mError
[0;39m[1;34marr[91]: [0;39m ./push_swap 13 9 2 3 4 5 6 7 8 15 10 11 12 16 1 0 14 17 18 19 	checker_linux:[1;31mError
[0;39m[1;34marr[92]: [0;39m ./push_swap 14 0 3 4 5 19 6 10 11 13 18 12 7 1 15 16 9 17 2 8 	checker_linux:[1;31mError
[0;39m[1;34marr[93]: [0;39m ./push_swap 9 16 4 5 19 8 6 18 12 14 2 7 10 15 13 1 0 17 3 11 	checker_linux:[1;31mError
[0;39m[1;34marr[94]: [0;39m ./push_swap 0 1 5 19 8 11 6 2 7 9 3 10 18 13 14 15 16 17 4 12 	checker_linux:[1;31mError
[0;39m[1;34marr[95]: [0;39m ./push_swap 16 15 19 8 11 12 6 3 10 0 4 18 2 14 9 13 1 17 5 7 	checker_linux:[1;31mError
[0;39m[1;34marr[96]: [0;39m ./push_swap 1 13 8 11 12 7 6 4 18 16 5 2 3 9 0 14 15 17 19 10 	checker_linux:[1;31mError
[0;39m[1;34marr[97]: [0;39m ./push_swap 15 14 11 12 7 10 6 5 2 1 19 3 4 0 16 9 13 17 8 18 	checker_linux:[1;31mError
[0;39m[1;34marr[98]: [0;39m ./push_swap 13 9 12 7 10 18 6 19 3 15 8 4 5 16 1 0 14 17 11 2 	checker_linux:[1;31mError
[0;39m[1;34marr[99]: [0;39m ./push_swap 14 0 7 10 18 2 6 8 4 13 11 5 19 1 15 16 9 17 12 3 	checker_linux:[1;31mError
[0;39m[1;34marr[101]: [0;39m ./push_swap 9 16 10 18 2 3 6 11 5 14 12 19 8 15 13 1 0 17 7 4 	checker_linux:[1;31mError
[0;39m[1;34marr[102]: [0;39m ./push_swap 0 1 18 2 3 4 6 12 19 9 7 8 11 13 14 15 16 17 10 5 	checker_linux:[1;31mError
[0;39m[1;34marr[103]: [0;39m ./push_swap 16 15 2 3 4 5 6 7 8 0 10 11 12 14 9 13 1 17 18 19 	checker_linux:[1;31mError
[0;39m[1;34marr[104]: [0;39m ./push_swap 1 13 3 4 5 19 6 10 11 16 18 12 7 9 0 14 15 17 2 8 	checker_linux:[1;31mError
[0;39m[1;34marr[105]: [0;39m ./push_swap 15 14 4 5 19 8 6 18 12 1 2 7 10 0 16 9 13 17 3 11 	checker_linux:[1;31mError
[0;39m[1;34marr[106]: [0;39m ./push_swap 13 9 5 19 8 11 6 2 7 15 3 10 18 16 1 0 14 17 4 12 	checker_linux:[1;31mError
[0;39m[1;34marr[107]: [0;39m ./push_swap 14 0 19 8 11 12 6 3 10 13 4 18 2 1 15 16 9 17 5 7 	checker_linux:[1;31mError
[0;39m[1;34marr[108]: [0;39m ./push_swap 9 16 8 11 12 7 6 4 18 14 5 2 3 15 13 1 0 17 19 10 	checker_linux:[1;31mError
[0;39m[1;34marr[109]: [0;39m ./push_swap 0 1 11 12 7 10 6 5 2 9 19 3 4 13 14 15 16 17 8 18 	checker_linux:[1;31mError
[0;39m[1;34marr[110]: [0;39m ./push_swap 16 15 12 7 10 18 6 19 3 0 8 4 5 14 9 13 1 17 11 2 	checker_linux:[1;31mError
[0;39m[1;34marr[111]: [0;39m ./push_swap 1 13 7 10 18 2 6 8 4 16 11 5 19 9 0 14 15 17 12 3 	checker_linux:[1;31mError
[0;39m[1;34marr[112]: [0;39m ./push_swap 15 14 10 18 2 3 6 11 5 1 12 19 8 0 16 9 13 17 7 4 	checker_linux:[1;31mError
[0;39m[1;34marr[113]: [0;39m ./push_swap 13 9 18 2 3 4 6 12 19 15 7 8 11 16 1 0 14 17 10 5 	checker_linux:[1;31mError
[0;39m[1;34marr[114]: [0;39m ./push_swap 14 0 2 3 4 5 6 7 8 13 10 11 12 1 15 16 9 17 18 19 	checker_linux:[1;31mError
[0;39m[1;34marr[115]: [0;39m ./push_swap 9 16 3 4 5 19 6 10 11 14 18 12 7 15 13 1 0 17 2 8 	checker_linux:[1;31mError
[0;39m[1;34marr[116]: [0;39m ./push_swap 0 1 4 5 19 8 6 18 12 9 2 7 10 13 14 15 16 17 3 11 	checker_linux:[1;31mError
[0;39m[1;34marr[117]: [0;39m ./push_swap 16 15 5 19 8 11 6 2 7 0 3 10 18 14 9 13 1 17 4 12 	checker_linux:[1;31mError
[0;39m[1;34marr[118]: [0;39m ./push_swap 1 13 19 8 11 12 6 3 10 16 4 18 2 9 0 14 15 17 5 7 	checker_linux:[1;31mError
[0;39m[1;34marr[119]: [0;39m ./push_swap 15 14 8 11 12 7 6 4 18 1 5 2 3 0 16 9 13 17 19 10 	checker_linux:[1;31mError
[0;39m[1;34marr[121]: [0;39m ./push_swap 13 9 11 12 7 10 6 5 2 15 19 3 4 16 1 0 14 17 8 18 	checker_linux:[1;31mError
[0;39m[1;34marr[122]: [0;39m ./push_swap 14 0 12 7 10 18 6 19 3 13 8 4 5 1 15 16 9 17 11 2 	checker_linux:[1;31mError
[0;39m[1;34marr[123]: [0;39m ./push_swap 9 16 7 10 18 2 6 8 4 14 11 5 19 15 13 1 0 17 12 3 	checker_linux:[1;31mError
[0;39m[1;34marr[124]: [0;39m ./push_swap 0 1 10 18 2 3 6 11 5 9 12 19 8 13 14 15 16 17 7 4 	checker_linux:[1;31mError
[0;39m[1;34marr[125]: [0;39m ./push_swap 16 15 18 2 3 4 6 12 19 0 7 8 11 14 9 13 1 17 10 5 	checker_linux:[1;31mError
[0;39m[1;34marr[126]: [0;39m ./push_swap 1 13 2 3 4 5 6 7 8 16 10 11 12 9 0 14 15 17 18 19 	checker_linux:[1;31mError
[0;39m[1;34marr[127]: [0;39m ./push_swap 15 14 3 4 5 19 6 10 11 1 18 12 7 0 16 9 13 17 2 8 	checker_linux:[1;31mError
[0;39m[1;34marr[128]: [0;39m ./push_swap 13 9 4 5 19 8 6 18 12 15 2 7 10 16 1 0 14 17 3 11 	checker_linux:[1;31mError
[0;39m[1;34marr[129]: [0;39m ./push_swap 14 0 5 19 8 11 6 2 7 13 3 10 18 1 15 16 9 17 4 12 	checker_linux:[1;31mError
[0;39m[1;34marr[130]: [0;39m ./push_swap 9 16 19 8 11 12 6 3 10 14 4 18 2 15 13 1 0 17 5 7 	checker_linux:[1;31mError
[0;39m[1;34marr[131]: [0;39m ./push_swap 0 1 8 11 12 7 6 4 18 9 5 2 3 13 14 15 16 17 19 10 	checker_linux:[1;31mError
[0;39m[1;34marr[132]: [0;39m ./push_swap 16 15 11 12 7 10 6 5 2 0 19 3 4 14 9 13 1 17 8 18 	checker_linux:[1;31mError
[0;39m[1;34marr[133]: [0;39m ./push_swap 1 13 12 7 10 18 6 19 3 16 8 4 5 9 0 14 15 17 11 2 	checker_linux:[1;31mError
[0;39m[1;34marr[134]: [0;39m ./push_swap 15 14 7 10 18 2 6 8 4 1 11 5 19 0 16 9 13 17 12 3 	checker_linux:[1;31mError
[0;39m[1;34marr[135]: [0;39m ./push_swap 13 9 10 18 2 3 6 11 5 15 12 19 8 16 1 0 14 17 7 4 	checker_linux:[1;31mError
[0;39m[1;34marr[136]: [0;39m ./push_swap 14 0 18 2 3 4 6 12 19 13 7 8 11 1 15 16 9 17 10 5 	checker_linux:[1;31mError
[0;39m[1;34marr[137]: [0;39m ./push_swap 9 16 2 3 4 5 6 7 8 14 10 11 12 15 13 1 0 17 18 19 	checker_linux:[1;31mError
[0;39m[1;34marr[138]: [0;39m ./push_swap 0 1 3 4 5 19 6 10 11 9 18 12 7 13 14 15 16 17 2 8 	checker_linux:[1;31mError
[0;39m[1;34marr[139]: [0;39m ./push_swap 16 15 4 5 19 8 6 18 12 0 2 7 10 14 9 13 1 17 3 11 	checker_linux:[1;31mError
[0;39m[1;34marr[141]: [0;39m ./push_swap 1 13 5 19 8 11 6 2 7 16 3 10 18 9 0 14 15 17 4 12 	checker_linux:[1;31mError
[0;39m[1;34marr[142]: [0;39m ./push_swap 15 14 19 8 11 12 6 3 10 1 4 18 2 0 16 9 13 17 5 7 	checker_linux:[1;31mError
[0;39m[1;34marr[143]: [0;39m ./push_swap 13 9 8 11 12 7 6 4 18 15 5 2 3 16 1 0 14 17 19 10 	checker_linux:[1;31mError
[0;39m[1;34marr[144]: [0;39m ./push_swap 14 0 11 12 7 10 6 5 2 13 19 3 4 1 15 16 9 17 8 18 	checker_linux:[1;31mError
[0;39m[1;34marr[145]: [0;39m ./push_swap 9 16 12 7 10 18 6 19 3 14 8 4 5 15 13 1 0 17 11 2 	checker_linux:[1;31mError
[0;39m[1;34marr[146]: [0;39m ./push_swap 0 1 7 10 18 2 6 8 4 9 11 5 19 13 14 15 16 17 12 3 	checker_linux:[1;31mError
[0;39m[1;34marr[147]: [0;39m ./push_swap 16 15 10 18 2 3 6 11 5 0 12 19 8 14 9 13 1 17 7 4 	checker_linux:[1;31mError
[0;39m[1;34marr[148]: [0;39m ./push_swap 1 13 18 2 3 4 6 12 19 16 7 8 11 9 0 14 15 17 10 5 	checker_linux:[1;31mError
[0;39m[1;34marr[149]: [0;39m ./push_swap 15 14 2 3 4 5 6 7 8 1 10 11 12 0 16 9 13 17 18 19 	checker_linux:[1;31mError
[0;39m[1;34marr[150]: [0;39m ./push_swap 13 9 3 4 5 19 6 10 11 15 18 12 7 16 1 0 14 17 2 8 	checker_linux:[1;31mError
[0;39m[1;34marr[151]: [0;39m ./push_swap 14 0 4 5 19 8 6 18 12 13 2 7 10 1 15 16 9 17 3 11 	checker_linux:[1;31mError
[0;39m[1;34marr[152]: [0;39m ./push_swap 9 16 5 19 8 11 6 2 7 14 3 10 18 15 13 1 0 17 4 12 	checker_linux:[1;31mError
[0;39m[1;34marr[153]: [0;39m ./push_swap 0 1 19 8 11 12 6 3 10 9 4 18 2 13 14 15 16 17 5 7 	checker_linux:[1;31mError
[0;39m[1;34marr[154]: [0;39m ./push_swap 16 15 8 11 12 7 6 4 18 0 5 2 3 14 9 13 1 17 19 10 	checker_linux:[1;31mError
[0;39m[1;34marr[155]: [0;39m ./push_swap 1 13 11 12 7 10 6 5 2 16 19 3 4 9 0 14 15 17 8 18 	checker_linux:[1;31mError
[0;39m[1;34marr[156]: [0;39m ./push_swap 15 14 12 7 10 18 6 19 3 1 8 4 5 0 16 9 13 17 11 2 	checker_linux:[1;31mError
[0;39m[1;34marr[157]: [0;39m ./push_swap 13 9 7 10 18 2 6 8 4 15 11 5 19 16 1 0 14 17 12 3 	checker_linux:[1;31mError
[0;39m[1;34marr[158]: [0;39m ./push_swap 14 0 10 18 2 3 6 11 5 13 12 19 8 1 15 16 9 17 7 4 	checker_linux:[1;31mError
[0;39m[1;34marr[159]: [0;39m ./push_swap 9 16 18 2 3 4 6 12 19 14 7 8 11 15 13 1 0 17 10 5 	checker_linux:[1;31mError
[0;39m